<?xml version="1.0" encoding="UTF-8"?>
<!-- Generated by org.testng.reporters.JUnitXMLReporter -->
<testsuite ignored="0" hostname="TTNPL-MohammadFarhan" failures="0" tests="3" name="Test" time="0.038" errors="0" timestamp="2023-03-23T20:45:10 IST">
  <testcase classname="paractice.LoginTestCase" name="@BeforeSuite browserlaunch" time="0.046">
    <failure type="java.lang.IllegalStateException" message="The driver executable does not exist: C:\Users\Mohd Aamir\Downloads\chromedriver_win32\chromedriver.exe">
      <![CDATA[java.lang.IllegalStateException: The driver executable does not exist: C:\Users\Mohd Aamir\Downloads\chromedriver_win32\chromedriver.exe
at com.google.common.base.Preconditions.checkState(Preconditions.java:585)
at org.openqa.selenium.remote.service.DriverService.checkExecutable(DriverService.java:146)
at org.openqa.selenium.remote.service.DriverService.findExecutable(DriverService.java:141)
at org.openqa.selenium.chrome.ChromeDriverService.access$000(ChromeDriverService.java:35)
at org.openqa.selenium.chrome.ChromeDriverService$Builder.findDefaultExecutable(ChromeDriverService.java:159)
at org.openqa.selenium.remote.service.DriverService$Builder.build(DriverService.java:355)
at org.openqa.selenium.chrome.ChromeDriverService.createDefaultService(ChromeDriverService.java:94)
at org.openqa.selenium.chrome.ChromeDriver.<init>(ChromeDriver.java:123)
at paractice.Browser.StartBrowser(Browser.java:30)
at paractice.LoginTestCase.browserlaunch(LoginTestCase.java:29)
... Removed 17 stack frames]]>
    </failure>
  </testcase> <!-- @BeforeSuite browserlaunch -->
  <testcase classname="paractice.LoginTestCase" name="Login" time="0.0">
    <skipped/>
  </testcase> <!-- Login -->
  <testcase classname="paractice.LoginTestCase" name="HomePageVerify" time="0.0">
    <skipped/>
  </testcase> <!-- HomePageVerify -->
  <testcase classname="paractice.LoginTestCase" name="addUser" time="0.0">
    <skipped/>
  </testcase> <!-- addUser -->
</testsuite> <!-- Test -->
