<?xml version="1.0" encoding="UTF-8"?>
<testng-results ignored="0" total="2" passed="2" failed="0" skipped="0">
  <reporter-output>
  </reporter-output>
  <suite started-at="2023-04-10T16:40:12 IST" name="Suite" finished-at="2023-04-10T16:40:17 IST" duration-ms="4746">
    <groups>
    </groups>
    <test started-at="2023-04-10T16:40:12 IST" name="Test" finished-at="2023-04-10T16:40:17 IST" duration-ms="4746">
      <class name="base.LoginTestCase">
        <test-method is-config="true" signature="browserlaunch()[pri:0, instance:base.LoginTestCase@4fe767f3]" started-at="2023-04-10T16:40:06 IST" name="browserlaunch" finished-at="2023-04-10T16:40:12 IST" duration-ms="6357" status="PASS">
          <reporter-output>
          </reporter-output>
        </test-method> <!-- browserlaunch -->
        <test-method signature="Login()[pri:1, instance:base.LoginTestCase@4fe767f3]" started-at="2023-04-10T16:40:12 IST" name="Login" finished-at="2023-04-10T16:40:14 IST" duration-ms="1701" status="PASS">
          <reporter-output>
          </reporter-output>
        </test-method> <!-- Login -->
        <test-method signature="HomePageVerify()[pri:2, instance:base.LoginTestCase@4fe767f3]" started-at="2023-04-10T16:40:14 IST" name="HomePageVerify" finished-at="2023-04-10T16:40:17 IST" duration-ms="3003" status="PASS">
          <reporter-output>
          </reporter-output>
        </test-method> <!-- HomePageVerify -->
        <test-method is-config="true" signature="closeBrowser()[pri:0, instance:base.LoginTestCase@4fe767f3]" started-at="2023-04-10T16:40:17 IST" name="closeBrowser" finished-at="2023-04-10T16:40:18 IST" duration-ms="399" status="PASS">
          <reporter-output>
          </reporter-output>
        </test-method> <!-- closeBrowser -->
      </class> <!-- base.LoginTestCase -->
    </test> <!-- Test -->
  </suite> <!-- Suite -->
</testng-results>
