<?xml version="1.0" encoding="UTF-8"?>
<testng-results ignored="0" total="1" passed="1" failed="0" skipped="0">
  <reporter-output>
  </reporter-output>
  <suite started-at="2023-03-29T15:27:12 IST" name="Default suite" finished-at="2023-03-29T15:27:23 IST" duration-ms="10515">
    <groups>
    </groups>
    <test started-at="2023-03-29T15:27:12 IST" name="Default test" finished-at="2023-03-29T15:27:23 IST" duration-ms="10515">
      <class name="componantTestingPractice.MKGandhi">
        <test-method is-config="true" signature="launch()[pri:0, instance:componantTestingPractice.MKGandhi@318ba8c8]" started-at="2023-03-29T15:27:12 IST" name="launch" finished-at="2023-03-29T15:27:16 IST" duration-ms="3600" status="PASS">
          <reporter-output>
          </reporter-output>
        </test-method> <!-- launch -->
        <test-method signature="Test1()[pri:0, instance:componantTestingPractice.MKGandhi@318ba8c8]" started-at="2023-03-29T15:27:16 IST" name="Test1" finished-at="2023-03-29T15:27:23 IST" duration-ms="6876" status="PASS">
          <reporter-output>
          </reporter-output>
        </test-method> <!-- Test1 -->
      </class> <!-- componantTestingPractice.MKGandhi -->
    </test> <!-- Default test -->
  </suite> <!-- Default suite -->
</testng-results>
