<?xml version="1.0" encoding="UTF-8"?>
<testng-results ignored="0" total="2" passed="2" failed="0" skipped="0">
  <reporter-output>
  </reporter-output>
  <suite started-at="2023-04-10T16:37:55 IST" name="Default suite" finished-at="2023-04-10T16:38:00 IST" duration-ms="4292">
    <groups>
    </groups>
    <test started-at="2023-04-10T16:37:55 IST" name="Default test" finished-at="2023-04-10T16:38:00 IST" duration-ms="4292">
      <class name="base.LoginTestCase">
        <test-method is-config="true" signature="browserlaunch()[pri:0, instance:base.LoginTestCase@96def03]" started-at="2023-04-10T16:37:49 IST" name="browserlaunch" finished-at="2023-04-10T16:37:55 IST" duration-ms="6259" status="PASS">
          <reporter-output>
          </reporter-output>
        </test-method> <!-- browserlaunch -->
        <test-method signature="Login()[pri:1, instance:base.LoginTestCase@96def03]" started-at="2023-04-10T16:37:55 IST" name="Login" finished-at="2023-04-10T16:37:58 IST" duration-ms="3050" status="PASS">
          <reporter-output>
          </reporter-output>
        </test-method> <!-- Login -->
        <test-method signature="HomePageVerify()[pri:2, instance:base.LoginTestCase@96def03]" started-at="2023-04-10T16:37:58 IST" name="HomePageVerify" finished-at="2023-04-10T16:38:00 IST" duration-ms="1205" status="PASS">
          <reporter-output>
          </reporter-output>
        </test-method> <!-- HomePageVerify -->
        <test-method is-config="true" signature="closeBrowser()[pri:0, instance:base.LoginTestCase@96def03]" started-at="2023-04-10T16:38:00 IST" name="closeBrowser" finished-at="2023-04-10T16:38:00 IST" duration-ms="301" status="PASS">
          <reporter-output>
          </reporter-output>
        </test-method> <!-- closeBrowser -->
      </class> <!-- base.LoginTestCase -->
    </test> <!-- Default test -->
  </suite> <!-- Default suite -->
</testng-results>
